[debug] [2024-07-12T21:27:09.270Z] ----------------------------------------------------------------------
[debug] [2024-07-12T21:27:09.272Z] Command:       /Users/micah/.nvm/versions/node/v20.9.0/bin/node /usr/local/bin/firebase init
[debug] [2024-07-12T21:27:09.272Z] CLI Version:   12.7.0
[debug] [2024-07-12T21:27:09.272Z] Platform:      darwin
[debug] [2024-07-12T21:27:09.272Z] Node Version:  v20.9.0
[debug] [2024-07-12T21:27:09.272Z] Time:          Fri Jul 12 2024 16:27:09 GMT-0500 (Central Daylight Time)
[debug] [2024-07-12T21:27:09.272Z] ----------------------------------------------------------------------
[debug] 
[debug] [2024-07-12T21:27:09.273Z] >>> [apiv2][query] GET https://firebase-public.firebaseio.com/cli.json [none]
[debug] [2024-07-12T21:27:09.298Z] > command requires scopes: ["email","openid","https://www.googleapis.com/auth/cloudplatformprojects.readonly","https://www.googleapis.com/auth/firebase","https://www.googleapis.com/auth/cloud-platform"]
[debug] [2024-07-12T21:27:09.298Z] > authorizing via signed-in user (mcmanyika@gmail.com)
[info] 
     ######## #### ########  ######## ########     ###     ######  ########
     ##        ##  ##     ## ##       ##     ##  ##   ##  ##       ##
     ######    ##  ########  ######   ########  #########  ######  ######
     ##        ##  ##    ##  ##       ##     ## ##     ##       ## ##
     ##       #### ##     ## ######## ########  ##     ##  ######  ########

You're about to initialize a Firebase project in this directory:

  /Users/micah/Documents/school

[debug] [2024-07-12T21:27:09.702Z] <<< [apiv2][status] GET https://firebase-public.firebaseio.com/cli.json 200
[debug] [2024-07-12T21:27:09.703Z] <<< [apiv2][body] GET https://firebase-public.firebaseio.com/cli.json {"cloudBuildErrorAfter":1594252800000,"cloudBuildWarnAfter":1590019200000,"defaultNode10After":1594252800000,"minVersion":"3.0.5","node8DeploysDisabledAfter":1613390400000,"node8RuntimeDisabledAfter":1615809600000,"node8WarnAfter":1600128000000}
[info] 
=== Project Setup
[info] 
[info] First, let's associate this project directory with a Firebase project.
[info] You can create multiple project aliases by running firebase use --add, 
[info] but for now we'll just set up a default project.
[info] 
[debug] [2024-07-12T21:27:42.454Z] > refreshing access token with scopes: []
[debug] [2024-07-12T21:27:42.456Z] >>> [apiv2][query] POST https://www.googleapis.com/oauth2/v3/token [none]
[debug] [2024-07-12T21:27:42.456Z] >>> [apiv2][body] POST https://www.googleapis.com/oauth2/v3/token [omitted]
[debug] [2024-07-12T21:27:43.241Z] <<< [apiv2][status] POST https://www.googleapis.com/oauth2/v3/token 400
[debug] [2024-07-12T21:27:43.241Z] <<< [apiv2][body] POST https://www.googleapis.com/oauth2/v3/token [omitted]
[debug] [2024-07-12T21:27:43.242Z] >>> [apiv2][query] GET https://firebase.googleapis.com/v1beta1/projects pageSize=100
[debug] [2024-07-12T21:27:43.541Z] <<< [apiv2][status] GET https://firebase.googleapis.com/v1beta1/projects 401
[debug] [2024-07-12T21:27:43.541Z] <<< [apiv2][body] GET https://firebase.googleapis.com/v1beta1/projects [omitted]
[debug] [2024-07-12T21:27:43.542Z] HTTP Error: 401, Request had invalid authentication credentials. Expected OAuth 2 access token, login cookie or other valid authentication credential. See https://developers.google.com/identity/sign-in/web/devconsole-project.
[debug] [2024-07-12T21:27:43.782Z] FirebaseError: HTTP Error: 401, Request had invalid authentication credentials. Expected OAuth 2 access token, login cookie or other valid authentication credential. See https://developers.google.com/identity/sign-in/web/devconsole-project.
    at responseToError (/usr/local/lib/node_modules/firebase-tools/lib/responseToError.js:49:12)
    at RetryOperation._fn (/usr/local/lib/node_modules/firebase-tools/lib/apiv2.js:285:77)
    at process.processTicksAndRejections (node:internal/process/task_queues:95:5)
[error] 
[error] Error: Failed to list Firebase projects. See firebase-debug.log for more info.
[debug] [2024-07-12T21:28:18.855Z] ----------------------------------------------------------------------
[debug] [2024-07-12T21:28:18.857Z] Command:       /Users/micah/.nvm/versions/node/v20.9.0/bin/node /usr/local/bin/firebase init
[debug] [2024-07-12T21:28:18.857Z] CLI Version:   12.7.0
[debug] [2024-07-12T21:28:18.858Z] Platform:      darwin
[debug] [2024-07-12T21:28:18.858Z] Node Version:  v20.9.0
[debug] [2024-07-12T21:28:18.858Z] Time:          Fri Jul 12 2024 16:28:18 GMT-0500 (Central Daylight Time)
[debug] [2024-07-12T21:28:18.858Z] ----------------------------------------------------------------------
[debug] 
[debug] [2024-07-12T21:28:18.860Z] > command requires scopes: ["email","openid","https://www.googleapis.com/auth/cloudplatformprojects.readonly","https://www.googleapis.com/auth/firebase","https://www.googleapis.com/auth/cloud-platform"]
[debug] [2024-07-12T21:28:18.860Z] > authorizing via signed-in user (mcmanyika@gmail.com)
[info] 
     ######## #### ########  ######## ########     ###     ######  ########
     ##        ##  ##     ## ##       ##     ##  ##   ##  ##       ##
     ######    ##  ########  ######   ########  #########  ######  ######
     ##        ##  ##    ##  ##       ##     ## ##     ##       ## ##
     ##       #### ##     ## ######## ########  ##     ##  ######  ########

You're about to initialize a Firebase project in this directory:

  /Users/micah/Documents/school

[info] 
=== Project Setup
[info] 
[info] First, let's associate this project directory with a Firebase project.
[info] You can create multiple project aliases by running firebase use --add, 
[info] but for now we'll just set up a default project.
[info] 
[debug] [2024-07-12T21:28:58.704Z] > refreshing access token with scopes: []
[debug] [2024-07-12T21:28:58.706Z] >>> [apiv2][query] POST https://www.googleapis.com/oauth2/v3/token [none]
[debug] [2024-07-12T21:28:58.706Z] >>> [apiv2][body] POST https://www.googleapis.com/oauth2/v3/token [omitted]
[debug] [2024-07-12T21:28:59.256Z] <<< [apiv2][status] POST https://www.googleapis.com/oauth2/v3/token 400
[debug] [2024-07-12T21:28:59.256Z] <<< [apiv2][body] POST https://www.googleapis.com/oauth2/v3/token [omitted]
[debug] [2024-07-12T21:28:59.257Z] >>> [apiv2][query] GET https://firebase.googleapis.com/v1beta1/availableProjects pageSize=100
[debug] [2024-07-12T21:28:59.534Z] <<< [apiv2][status] GET https://firebase.googleapis.com/v1beta1/availableProjects 401
[debug] [2024-07-12T21:28:59.534Z] <<< [apiv2][body] GET https://firebase.googleapis.com/v1beta1/availableProjects [omitted]
[debug] [2024-07-12T21:28:59.535Z] HTTP Error: 401, Request had invalid authentication credentials. Expected OAuth 2 access token, login cookie or other valid authentication credential. See https://developers.google.com/identity/sign-in/web/devconsole-project.
[debug] [2024-07-12T21:28:59.903Z] FirebaseError: HTTP Error: 401, Request had invalid authentication credentials. Expected OAuth 2 access token, login cookie or other valid authentication credential. See https://developers.google.com/identity/sign-in/web/devconsole-project.
    at responseToError (/usr/local/lib/node_modules/firebase-tools/lib/responseToError.js:49:12)
    at RetryOperation._fn (/usr/local/lib/node_modules/firebase-tools/lib/apiv2.js:285:77)
    at process.processTicksAndRejections (node:internal/process/task_queues:95:5)
[error] 
[error] Error: Failed to list available Google Cloud Platform projects. See firebase-debug.log for more info.
[debug] [2024-07-12T21:29:13.611Z] ----------------------------------------------------------------------
[debug] [2024-07-12T21:29:13.612Z] Command:       /Users/micah/.nvm/versions/node/v20.9.0/bin/node /usr/local/bin/firebase init
[debug] [2024-07-12T21:29:13.612Z] CLI Version:   12.7.0
[debug] [2024-07-12T21:29:13.613Z] Platform:      darwin
[debug] [2024-07-12T21:29:13.613Z] Node Version:  v20.9.0
[debug] [2024-07-12T21:29:13.613Z] Time:          Fri Jul 12 2024 16:29:13 GMT-0500 (Central Daylight Time)
[debug] [2024-07-12T21:29:13.613Z] ----------------------------------------------------------------------
[debug] 
[debug] [2024-07-12T21:29:13.615Z] > command requires scopes: ["email","openid","https://www.googleapis.com/auth/cloudplatformprojects.readonly","https://www.googleapis.com/auth/firebase","https://www.googleapis.com/auth/cloud-platform"]
[debug] [2024-07-12T21:29:13.615Z] > authorizing via signed-in user (mcmanyika@gmail.com)
[info] 
     ######## #### ########  ######## ########     ###     ######  ########
     ##        ##  ##     ## ##       ##     ##  ##   ##  ##       ##
     ######    ##  ########  ######   ########  #########  ######  ######
     ##        ##  ##    ##  ##       ##     ## ##     ##       ## ##
     ##       #### ##     ## ######## ########  ##     ##  ######  ########

You're about to initialize a Firebase project in this directory:

  /Users/micah/Documents/school

[info] 
=== Project Setup
[info] 
[info] First, let's associate this project directory with a Firebase project.
[info] You can create multiple project aliases by running firebase use --add, 
[info] but for now we'll just set up a default project.
[info] 
[debug] [2024-07-12T21:29:24.814Z] > refreshing access token with scopes: []
[debug] [2024-07-12T21:29:24.817Z] >>> [apiv2][query] POST https://www.googleapis.com/oauth2/v3/token [none]
[debug] [2024-07-12T21:29:24.817Z] >>> [apiv2][body] POST https://www.googleapis.com/oauth2/v3/token [omitted]
[debug] [2024-07-12T21:29:25.175Z] <<< [apiv2][status] POST https://www.googleapis.com/oauth2/v3/token 400
[debug] [2024-07-12T21:29:25.175Z] <<< [apiv2][body] POST https://www.googleapis.com/oauth2/v3/token [omitted]
[debug] [2024-07-12T21:29:25.176Z] >>> [apiv2][query] GET https://firebase.googleapis.com/v1beta1/projects pageSize=100
[debug] [2024-07-12T21:29:25.471Z] <<< [apiv2][status] GET https://firebase.googleapis.com/v1beta1/projects 401
[debug] [2024-07-12T21:29:25.472Z] <<< [apiv2][body] GET https://firebase.googleapis.com/v1beta1/projects [omitted]
[debug] [2024-07-12T21:29:25.473Z] HTTP Error: 401, Request had invalid authentication credentials. Expected OAuth 2 access token, login cookie or other valid authentication credential. See https://developers.google.com/identity/sign-in/web/devconsole-project.
[debug] [2024-07-12T21:29:25.704Z] FirebaseError: HTTP Error: 401, Request had invalid authentication credentials. Expected OAuth 2 access token, login cookie or other valid authentication credential. See https://developers.google.com/identity/sign-in/web/devconsole-project.
    at responseToError (/usr/local/lib/node_modules/firebase-tools/lib/responseToError.js:49:12)
    at RetryOperation._fn (/usr/local/lib/node_modules/firebase-tools/lib/apiv2.js:285:77)
    at process.processTicksAndRejections (node:internal/process/task_queues:95:5)
[error] 
[error] Error: Failed to list Firebase projects. See firebase-debug.log for more info.
